# JRE version: Java(TM) SE Runtime Environment (21.0.1+12) (build 21.0.1+12-LTS-29)
# Java VM: Java HotSpot(TM) 64-Bit Server VM (21.0.1+12-LTS-29, mixed mode, sharing, tiered, compressed oops, compressed class ptrs, g1 gc, windows-amd64)
GC Precious Log:
 CardTable entry size: 512
 Card Set container configuration: InlinePtr #cards 5 size 8 Array Of Cards #cards 12 size 40 Howl #buckets 4 coarsen threshold 1843 Howl Bitmap #cards 512 size 80 coarsen threshold 460 Card regions per heap region 1 cards per card region 2048
 CPUs: 12 total, 12 available
 Memory: 15733M
 Large Page Support: Disabled
 NUMA Support: Disabled
 Compressed Oops: Enabled (32-bit)
 Heap Region Size: 1M
 Heap Min Capacity: 8M
 Heap Initial Capacity: 246M
 Heap Max Capacity: 2G
 Pre-touch: Disabled
 Parallel Workers: 10
 Concurrent Workers: 3
 Concurrent Refinement Workers: 10
 Periodic GC: Disabled
Heap:
 garbage-first heap   total 142336K, used 92042K [0x0000000080000000, 0x0000000100000000)
  region size 1024K, 15 young (15360K), 3 survivors (3072K)
 Metaspace       used 69340K, committed 71296K, reserved 1114112K
  class space    used 9603K, committed 10560K, reserved 1048576K
GC Heap History (20 events):
Event: 9.105 GC heap before
{Heap before GC invocations=11 (full 0):
 garbage-first heap   total 92160K, used 80394K [0x0000000080000000, 0x0000000100000000)
  region size 1024K, 47 young (48128K), 5 survivors (5120K)
 Metaspace       used 52863K, committed 54656K, reserved 1114112K
  class space    used 7713K, committed 8576K, reserved 1048576K
}
Event: 9.110 GC heap after
{Heap after GC invocations=12 (full 0):
 garbage-first heap   total 92160K, used 39617K [0x0000000080000000, 0x0000000100000000)
  region size 1024K, 5 young (5120K), 5 survivors (5120K)
 Metaspace       used 52863K, committed 54656K, reserved 1114112K
  class space    used 7713K, committed 8576K, reserved 1048576K
}
Event: 10.116 GC heap before
{Heap before GC invocations=12 (full 0):
 garbage-first heap   total 92160K, used 79553K [0x0000000080000000, 0x0000000100000000)
  region size 1024K, 45 young (46080K), 5 survivors (5120K)
 Metaspace       used 53918K, committed 55744K, reserved 1114112K
  class space    used 7754K, committed 8640K, reserved 1048576K
}
Event: 10.122 GC heap after
{Heap after GC invocations=13 (full 0):
 garbage-first heap   total 92160K, used 44766K [0x0000000080000000, 0x0000000100000000)
  region size 1024K, 6 young (6144K), 6 survivors (6144K)
 Metaspace       used 53918K, committed 55744K, reserved 1114112K
  class space    used 7754K, committed 8640K, reserved 1048576K
}
Event: 10.519 GC heap before
{Heap before GC invocations=13 (full 0):
 garbage-first heap   total 92160K, used 79582K [0x0000000080000000, 0x0000000100000000)
  region size 1024K, 41 young (41984K), 6 survivors (6144K)
 Metaspace       used 54280K, committed 56128K, reserved 1114112K
  class space    used 7754K, committed 8640K, reserved 1048576K
}
Event: 10.524 GC heap after
{Heap after GC invocations=14 (full 0):
 garbage-first heap   total 92160K, used 47613K [0x0000000080000000, 0x0000000100000000)
  region size 1024K, 3 young (3072K), 3 survivors (3072K)
 Metaspace       used 54280K, committed 56128K, reserved 1114112K
  class space    used 7754K, committed 8640K, reserved 1048576K
}
Event: 10.934 GC heap before
{Heap before GC invocations=14 (full 0):
 garbage-first heap   total 92160K, used 81405K [0x0000000080000000, 0x0000000100000000)
  region size 1024K, 37 young (37888K), 3 survivors (3072K)
 Metaspace       used 54457K, committed 56256K, reserved 1114112K
  class space    used 7754K, committed 8640K, reserved 1048576K
}
Event: 10.938 GC heap after
{Heap after GC invocations=15 (full 0):
 garbage-first heap   total 92160K, used 48836K [0x0000000080000000, 0x0000000100000000)
  region size 1024K, 4 young (4096K), 4 survivors (4096K)
 Metaspace       used 54457K, committed 56256K, reserved 1114112K
  class space    used 7754K, committed 8640K, reserved 1048576K
}
Event: 11.239 GC heap before
{Heap before GC invocations=16 (full 0):
 garbage-first heap   total 92160K, used 80580K [0x0000000080000000, 0x0000000100000000)
  region size 1024K, 36 young (36864K), 4 survivors (4096K)
 Metaspace       used 54458K, committed 56256K, reserved 1114112K
  class space    used 7755K, committed 8640K, reserved 1048576K
}
Event: 11.244 GC heap after
{Heap after GC invocations=17 (full 0):
 garbage-first heap   total 92160K, used 50382K [0x0000000080000000, 0x0000000100000000)
  region size 1024K, 4 young (4096K), 4 survivors (4096K)
 Metaspace       used 54458K, committed 56256K, reserved 1114112K
  class space    used 7755K, committed 8640K, reserved 1048576K
}
Event: 11.588 GC heap before
{Heap before GC invocations=17 (full 0):
 garbage-first heap   total 92160K, used 88270K [0x0000000080000000, 0x0000000100000000)
  region size 1024K, 35 young (35840K), 4 survivors (4096K)
 Metaspace       used 54937K, committed 56704K, reserved 1114112K
  class space    used 7847K, committed 8704K, reserved 1048576K
}
Event: 11.595 GC heap after
{Heap after GC invocations=18 (full 0):
 garbage-first heap   total 119808K, used 60945K [0x0000000080000000, 0x0000000100000000)
  region size 1024K, 5 young (5120K), 5 survivors (5120K)
 Metaspace       used 54937K, committed 56704K, reserved 1114112K
  class space    used 7847K, committed 8704K, reserved 1048576K
}
Event: 12.354 GC heap before
{Heap before GC invocations=18 (full 0):
 garbage-first heap   total 119808K, used 114193K [0x0000000080000000, 0x0000000100000000)
  region size 1024K, 50 young (51200K), 5 survivors (5120K)
 Metaspace       used 58498K, committed 60416K, reserved 1114112K
  class space    used 8289K, committed 9216K, reserved 1048576K
}
Event: 12.357 GC heap after
{Heap after GC invocations=19 (full 0):
 garbage-first heap   total 126976K, used 72784K [0x0000000080000000, 0x0000000100000000)
  region size 1024K, 6 young (6144K), 6 survivors (6144K)
 Metaspace       used 58498K, committed 60416K, reserved 1114112K
  class space    used 8289K, committed 9216K, reserved 1048576K
}
Event: 12.714 GC heap before
{Heap before GC invocations=20 (full 0):
 garbage-first heap   total 126976K, used 112720K [0x0000000080000000, 0x0000000100000000)
  region size 1024K, 45 young (46080K), 6 survivors (6144K)
 Metaspace       used 62432K, committed 64384K, reserved 1114112K
  class space    used 8655K, committed 9600K, reserved 1048576K
}
Event: 12.716 GC heap after
{Heap after GC invocations=21 (full 0):
 garbage-first heap   total 126976K, used 73875K [0x0000000080000000, 0x0000000100000000)
  region size 1024K, 2 young (2048K), 2 survivors (2048K)
 Metaspace       used 62432K, committed 64384K, reserved 1114112K
  class space    used 8655K, committed 9600K, reserved 1048576K
}
Event: 13.216 GC heap before
{Heap before GC invocations=21 (full 0):
 garbage-first heap   total 126976K, used 120979K [0x0000000080000000, 0x0000000100000000)
  region size 1024K, 43 young (44032K), 2 survivors (2048K)
 Metaspace       used 66145K, committed 68160K, reserved 1114112K
  class space    used 9193K, committed 10176K, reserved 1048576K
}
Event: 13.220 GC heap after
{Heap after GC invocations=22 (full 0):
 garbage-first heap   total 129024K, used 78252K [0x0000000080000000, 0x0000000100000000)
  region size 1024K, 6 young (6144K), 6 survivors (6144K)
 Metaspace       used 66145K, committed 68160K, reserved 1114112K
  class space    used 9193K, committed 10176K, reserved 1048576K
}
Event: 13.746 GC heap before
{Heap before GC invocations=22 (full 0):
 garbage-first heap   total 129024K, used 115116K [0x0000000080000000, 0x0000000100000000)
  region size 1024K, 42 young (43008K), 6 survivors (6144K)
 Metaspace       used 68605K, committed 70592K, reserved 1114112K
  class space    used 9515K, committed 10496K, reserved 1048576K
}
Event: 13.751 GC heap after
{Heap after GC invocations=23 (full 0):
 garbage-first heap   total 129024K, used 80778K [0x0000000080000000, 0x0000000100000000)
  region size 1024K, 3 young (3072K), 3 survivors (3072K)
 Metaspace       used 68605K, committed 70592K, reserved 1114112K
  class space    used 9515K, committed 10496K, reserved 1048576K
}

